<?xml version="1.0" encoding="UTF-8" ?>
<testsuite errors="0" failures="3" hostname="pyrene" name="cytoscape.plugin.cheminfo.StructureDepictorTest" tests="3" time="1.883" timestamp="2008-06-20T20:21:40">
  <properties>
[...]
</properties>
  <testcase classname="cytoscape.plugin.cheminfo.StructureDepictorTest" name="testDepictWithUCSFSmi2Gif" time="0.0040">
    <failure message="Not yet implemented" type="junit.framework.AssertionFailedError">junit.framework.AssertionFailedError: Not yet implemented
	at cytoscape.plugin.cheminfo.StructureDepictorTest.testDepictWithUCSFSmi2Gif(StructureDepictorTest.java:8)
</failure>
  </testcase>
  <testcase classname="cytoscape.plugin.cheminfo.StructureDepictorTest" name="testConvertInchiToSmiles" time="1.815">
    <failure message="expected:&lt;CCCC&gt; but was:&lt;null&gt;" type="junit.framework.ComparisonFailure">junit.framework.ComparisonFailure: expected:&lt;CCCC&gt; but was:&lt;null&gt;
	at cytoscape.plugin.cheminfo.StructureDepictorTest.testConvertInchiToSmiles(StructureDepictorTest.java:15)
</failure>
  </testcase>
  <testcase classname="cytoscape.plugin.cheminfo.StructureDepictorTest" name="testDepiectInchi" time="0.0030">
    <failure message="Not yet implemented" type="junit.framework.AssertionFailedError">junit.framework.AssertionFailedError: Not yet implemented
	at cytoscape.plugin.cheminfo.StructureDepictorTest.testDepiectInchi(StructureDepictorTest.java:19)
</failure>
  </testcase>
  <system-out><![CDATA[cytoscape[INFO]: CytoscapeInit static initialization
]]></system-out>
  <system-err><![CDATA[]]></system-err>
</testsuite>
